<?xml version="1.0" encoding="UTF-8" ?>
<testsuite tests="25" failures="0" name="br.com.contmatic.empresa.FornecedorTest" time="0" errors="0" skipped="0">
  <properties>
    <property name="java.runtime.name" value="Java(TM) SE Runtime Environment"/>
    <property name="sun.boot.library.path" value="C:\Program Files\Java\jdk1.8.0_241\jre\bin"/>
    <property name="java.vm.version" value="25.241-b07"/>
    <property name="java.vm.vendor" value="Oracle Corporation"/>
    <property name="maven.multiModuleProjectDirectory" value="C:\Users\gabriel.santos\Documents\workspace-spring-tool-suite-4-4.5.1.RELEASE\empresa"/>
    <property name="java.vendor.url" value="http://java.oracle.com/"/>
    <property name="path.separator" value=";"/>
    <property name="guice.disable.misplaced.annotation.check" value="true"/>
    <property name="java.vm.name" value="Java HotSpot(TM) 64-Bit Server VM"/>
    <property name="file.encoding.pkg" value="sun.io"/>
    <property name="user.script" value=""/>
    <property name="user.country" value="BR"/>
    <property name="sun.java.launcher" value="SUN_STANDARD"/>
    <property name="sun.os.patch.level" value=""/>
    <property name="java.vm.specification.name" value="Java Virtual Machine Specification"/>
    <property name="user.dir" value="C:\Users\gabriel.santos\Documents\workspace-spring-tool-suite-4-4.5.1.RELEASE\empresa"/>
    <property name="java.runtime.version" value="1.8.0_241-b07"/>
    <property name="java.awt.graphicsenv" value="sun.awt.Win32GraphicsEnvironment"/>
    <property name="java.endorsed.dirs" value="C:\Program Files\Java\jdk1.8.0_241\jre\lib\endorsed"/>
    <property name="os.arch" value="amd64"/>
    <property name="java.io.tmpdir" value="C:\Users\GABRIE~1.SAN\AppData\Local\Temp\"/>
    <property name="line.separator" value="
"/>
    <property name="java.vm.specification.vendor" value="Oracle Corporation"/>
    <property name="user.variant" value=""/>
    <property name="os.name" value="Windows 10"/>
    <property name="classworlds.conf" value="C:\Users\gabriel.santos\Documents\workspace-spring-tool-suite-4-4.5.1.RELEASE\.metadata\.plugins\org.eclipse.m2e.launching\launches\m2conf2027142789901751985.tmp"/>
    <property name="jansi.force" value="true"/>
    <property name="sun.jnu.encoding" value="Cp1252"/>
    <property name="java.library.path" value="C:\Program Files\Java\jdk1.8.0_241\bin;C:\Windows\Sun\Java\bin;C:\Windows\system32;C:\Windows;C:/Program Files/Java/jre1.8.0_241/bin/server;C:/Program Files/Java/jre1.8.0_241/bin;C:/Program Files/Java/jre1.8.0_241/lib/amd64;C:\Program Files (x86)\Common Files\Oracle\Java\javapath;C:\Windows\system32;C:\Windows;C:\Windows\System32\Wbem;C:\Windows\System32\WindowsPowerShell\v1.0\;C:\Windows\System32\OpenSSH\;C:\Users\gabriel.santos\AppData\Local\Microsoft\WindowsApps;;C:\Program Files (x86)\spring-tool-suite-4-4.5.1.RELEASE-e4.14.0-win32.win32.x86_64.self-extracting\sts-4.5.1.RELEASE;;."/>
    <property name="jansi.passthrough" value="true"/>
    <property name="java.specification.name" value="Java Platform API Specification"/>
    <property name="java.class.version" value="52.0"/>
    <property name="sun.management.compiler" value="HotSpot 64-Bit Tiered Compilers"/>
    <property name="os.version" value="10.0"/>
    <property name="user.home" value="C:\Users\gabriel.santos"/>
    <property name="user.timezone" value="America/Sao_Paulo"/>
    <property name="java.awt.printerjob" value="sun.awt.windows.WPrinterJob"/>
    <property name="java.specification.version" value="1.8"/>
    <property name="file.encoding" value="UTF-8"/>
    <property name="user.name" value="gabriel.santos"/>
    <property name="java.class.path" value="C:\Program Files (x86)\spring-tool-suite-4-4.5.1.RELEASE-e4.14.0-win32.win32.x86_64.self-extracting\sts-4.5.1.RELEASE\plugins\org.eclipse.m2e.maven.runtime_1.15.0.20200120-1352\jars\plexus-classworlds-2.6.0.jar"/>
    <property name="java.vm.specification.version" value="1.8"/>
    <property name="sun.arch.data.model" value="64"/>
    <property name="java.home" value="C:\Program Files\Java\jdk1.8.0_241\jre"/>
    <property name="sun.java.command" value="org.codehaus.plexus.classworlds.launcher.Launcher -B install -Dstyle.color=always"/>
    <property name="java.specification.vendor" value="Oracle Corporation"/>
    <property name="user.language" value="pt"/>
    <property name="awt.toolkit" value="sun.awt.windows.WToolkit"/>
    <property name="java.vm.info" value="mixed mode"/>
    <property name="java.version" value="1.8.0_241"/>
    <property name="java.ext.dirs" value="C:\Program Files\Java\jdk1.8.0_241\jre\lib\ext;C:\Windows\Sun\Java\lib\ext"/>
    <property name="sun.boot.class.path" value="C:\Program Files\Java\jdk1.8.0_241\jre\lib\resources.jar;C:\Program Files\Java\jdk1.8.0_241\jre\lib\rt.jar;C:\Program Files\Java\jdk1.8.0_241\jre\lib\sunrsasign.jar;C:\Program Files\Java\jdk1.8.0_241\jre\lib\jsse.jar;C:\Program Files\Java\jdk1.8.0_241\jre\lib\jce.jar;C:\Program Files\Java\jdk1.8.0_241\jre\lib\charsets.jar;C:\Program Files\Java\jdk1.8.0_241\jre\lib\jfr.jar;C:\Program Files\Java\jdk1.8.0_241\jre\classes"/>
    <property name="java.vendor" value="Oracle Corporation"/>
    <property name="maven.home" value="C:\Users\gabriel.santos\Documents\workspace-spring-tool-suite-4-4.5.1.RELEASE\empresa\EMBEDDED"/>
    <property name="style.color" value="always"/>
    <property name="file.separator" value="\"/>
    <property name="java.vendor.url.bug" value="http://bugreport.sun.com/bugreport/"/>
    <property name="sun.cpu.endian" value="little"/>
    <property name="sun.io.unicode.encoding" value="UnicodeLittle"/>
    <property name="sun.desktop" value="windows"/>
    <property name="sun.cpu.isalist" value="amd64"/>
  </properties>
  <testcase classname="br.com.contmatic.empresa.FornecedorTest" name="deve_retornar_false_no_equals_com_a_fornecedor_e_um_numero_aleatorio" time="0"/>
  <testcase classname="br.com.contmatic.empresa.FornecedorTest" name="deve_retornar_false_no_equals_com_fornecedores_de_cnpj_diferentes" time="0"/>
  <testcase classname="br.com.contmatic.empresa.FornecedorTest" name="deve_retornar_false_no_equals_com_um_fornecedor_de_cnpj_null" time="0"/>
  <testcase classname="br.com.contmatic.empresa.FornecedorTest" name="deve_retornar_false_no_equals_comparando_um_fornecedor_com_null" time="0"/>
  <testcase classname="br.com.contmatic.empresa.FornecedorTest" name="deve_retornar_false_no_hashCode_com_uma_fornecedor_de_cnpj_null" time="0"/>
  <testcase classname="br.com.contmatic.empresa.FornecedorTest" name="deve_retornar_true_no_equals_com_fornecedores_iguais" time="0"/>
  <testcase classname="br.com.contmatic.empresa.FornecedorTest" name="deve_retornar_true_no_equals_comparando_dois_fornecedores_de_cnpj_null" time="0"/>
  <testcase classname="br.com.contmatic.empresa.FornecedorTest" name="deve_retornar_true_no_equals_comparando_um_fornecedor_com_ela_mesmo" time="0"/>
  <testcase classname="br.com.contmatic.empresa.FornecedorTest" name="deve_retornar_true_no_hashCode_com_fornecedor_iguais" time="0"/>
  <testcase classname="br.com.contmatic.empresa.FornecedorTest" name="deve_testar_se_a_entrada_de_cnpj_esta_igual" time="0"/>
  <testcase classname="br.com.contmatic.empresa.FornecedorTest" name="deve_testar_se_a_entrada_de_telefone_esta_igual" time="0"/>
  <testcase classname="br.com.contmatic.empresa.FornecedorTest" name="deve_testar_se_a_entrada_do_nome_esta_igual" time="0"/>
  <testcase classname="br.com.contmatic.empresa.FornecedorTest" name="deve_testar_se_a_entrada_do_valor_do_endereco_esta_igual" time="0"/>
  <testcase classname="br.com.contmatic.empresa.FornecedorTest" name="deve_testar_se_a_entrada_do_valor_do_produto_esta_igual" time="0"/>
  <testcase classname="br.com.contmatic.empresa.FornecedorTest" name="nao_deve_aceitar_cnpj_nulo" time="0"/>
  <testcase classname="br.com.contmatic.empresa.FornecedorTest" name="nao_deve_aceitar_endereco_nulo" time="0"/>
  <testcase classname="br.com.contmatic.empresa.FornecedorTest" name="nao_deve_aceitar_espacos_em_branco_no_cnpj" time="0"/>
  <testcase classname="br.com.contmatic.empresa.FornecedorTest" name="nao_deve_aceitar_espacos_em_branco_no_nome" time="0"/>
  <testcase classname="br.com.contmatic.empresa.FornecedorTest" name="nao_deve_aceitar_espacos_em_branco_no_produto" time="0"/>
  <testcase classname="br.com.contmatic.empresa.FornecedorTest" name="nao_deve_aceitar_espacos_em_branco_no_telefone" time="0"/>
  <testcase classname="br.com.contmatic.empresa.FornecedorTest" name="nao_deve_aceitar_nome_nulo" time="0"/>
  <testcase classname="br.com.contmatic.empresa.FornecedorTest" name="nao_deve_aceitar_produto_nulo" time="0"/>
  <testcase classname="br.com.contmatic.empresa.FornecedorTest" name="nao_deve_aceitar_telefone_nulo" time="0"/>
  <testcase classname="br.com.contmatic.empresa.FornecedorTest" name="toString_deve_retornar_null" time="0"/>
  <testcase classname="br.com.contmatic.empresa.FornecedorTest" name="toString_deve_retornar_valores_preenchidos" time="0"/>
</testsuite>